<?xml version="1.0" encoding="UTF-8"?>
<!-- Generated by org.testng.reporters.JUnitXMLReporter -->
<testsuite hostname="sys" ignored="0" name="Default test" tests="3" failures="0" timestamp="09 May 2020 01:07:48 GMT" time="25.736" errors="0">
  <testcase name="Login" time="6.929" classname="com.NewTours.testscripts.NewTest"/>
  <testcase name="BookingFlight" time="5.292" classname="com.NewTours.testscripts.NewTest"/>
  <testcase name="ConfirmMessageCheck" time="0.208" classname="com.NewTours.testscripts.NewTest"/>
</testsuite> <!-- Default test -->
