<?xml version="1.0" encoding="UTF-8"?>
<testng-results skipped="0" failed="0" ignored="0" total="3" passed="3">
  <reporter-output>
  </reporter-output>
  <suite name="Default suite" duration-ms="25736" started-at="2020-05-09T01:07:22Z" finished-at="2020-05-09T01:07:48Z">
    <groups>
    </groups>
    <test name="Default test" duration-ms="25736" started-at="2020-05-09T01:07:22Z" finished-at="2020-05-09T01:07:48Z">
      <class name="com.NewTours.testscripts.NewTest">
        <test-method status="PASS" signature="beforeTest()[pri:0, instance:com.NewTours.testscripts.NewTest@39aeed2f]" name="beforeTest" is-config="true" duration-ms="10145" started-at="2020-05-09T01:07:22Z" finished-at="2020-05-09T01:07:32Z">
          <reporter-output>
          </reporter-output>
        </test-method> <!-- beforeTest -->
        <test-method status="PASS" signature="Login()[pri:1, instance:com.NewTours.testscripts.NewTest@39aeed2f]" name="Login" duration-ms="6929" started-at="2020-05-09T01:07:32Z" finished-at="2020-05-09T01:07:39Z">
          <reporter-output>
          </reporter-output>
        </test-method> <!-- Login -->
        <test-method status="PASS" signature="BookingFlight()[pri:2, instance:com.NewTours.testscripts.NewTest@39aeed2f]" name="BookingFlight" duration-ms="5292" started-at="2020-05-09T01:07:39Z" finished-at="2020-05-09T01:07:45Z">
          <reporter-output>
          </reporter-output>
        </test-method> <!-- BookingFlight -->
        <test-method status="PASS" signature="ConfirmMessageCheck()[pri:3, instance:com.NewTours.testscripts.NewTest@39aeed2f]" name="ConfirmMessageCheck" duration-ms="208" started-at="2020-05-09T01:07:45Z" finished-at="2020-05-09T01:07:45Z">
          <reporter-output>
          </reporter-output>
        </test-method> <!-- ConfirmMessageCheck -->
        <test-method status="PASS" signature="afterTest()[pri:0, instance:com.NewTours.testscripts.NewTest@39aeed2f]" name="afterTest" is-config="true" duration-ms="3112" started-at="2020-05-09T01:07:45Z" finished-at="2020-05-09T01:07:48Z">
          <reporter-output>
          </reporter-output>
        </test-method> <!-- afterTest -->
      </class> <!-- com.NewTours.testscripts.NewTest -->
    </test> <!-- Default test -->
  </suite> <!-- Default suite -->
</testng-results>
